[21:19:18.510][INFO][CraftTweaker-EarlyInit]: CraftTweaker is running on a Minecraft 1.20.1 production server modded with platform Forge
[21:19:18.521][INFO][CraftTweaker-EarlyInit]: Successfully injected RecipeFS file system
[21:19:18.556][INFO][CraftTweaker-Plugins]: Successfully identified and loaded plugin farmersdelight:crafttweaker_plugin
[21:19:18.572][INFO][CraftTweaker-Plugins]: Successfully identified and loaded plugin crafttweaker:builtin
[21:19:18.574][INFO][CraftTweaker-Plugins]: Successfully identified and loaded plugin crafttweaker:builtin_forge
[21:19:19.385][INFO][CraftTweaker]: The following mods have explicit CraftTweaker support through the default plugin:
[21:19:19.386][INFO][CraftTweaker]: - 'aether' at version '1.20.1-1.4.2-neoforge'
[21:19:19.386][INFO][CraftTweaker]: - 'aquaculture' at version '2.5.1'
[21:19:19.387][INFO][CraftTweaker]: - 'crafttweaker' at version '14.0.40'
[21:19:19.387][INFO][CraftTweaker]: - 'farmersdelight' at version '1.20.1-1.2.4'
[21:19:25.937][INFO][CraftTweaker-ZenCode]: Started loading scripts for loader 'initialize'
[21:19:26.600][INFO][CraftTweaker-ZenCode]: Compiling and executing scripts
[21:19:26.634][INFO][CraftTweaker-ZenCode]: Successfully initialized modules [crafttweaker, expansions]
[21:19:26.734][INFO][CraftTweaker-ZenCode]: Execution for loader 'initialize' completed successfully
[21:19:35.656][INFO][CraftTweaker-ZenCode]: Started loading scripts for loader 'tags'
[21:19:35.690][INFO][CraftTweaker-ZenCode]: Compiling and executing scripts
[21:19:35.713][INFO][CraftTweaker-ZenCode]: Successfully initialized modules [crafttweaker, expansions]
[21:19:35.723][INFO][CraftTweaker-ZenCode]: Execution for loader 'tags' completed successfully
[21:19:36.921][INFO][CraftTweaker]: crafttweaker.reload.start
[21:19:36.929][INFO][CraftTweaker-ZenCode]: Started loading scripts for loader 'crafttweaker'
[21:19:36.980][INFO][CraftTweaker-ZenCode]: Compiling and executing scripts
[21:19:37.417][INFO][CraftTweaker-ZenCode]: Successfully initialized modules [mods, crafttweaker, expansions]
[21:19:37.436][INFO][CraftTweaker-ZenCode]: Execution for loader 'crafttweaker' completed successfully
[21:19:37.437][INFO][CraftTweaker]: crafttweaker.reload.complete
