[20Dec2024 00:00:41.932] [Server thread/WARN] [net.minecraft.server.network.ServerGamePacketListenerImpl/]: LFCR moved too quickly! -4.9959794395808785,0.35789224539507813,8.68939308704148
[20Dec2024 00:01:29.260] [Server thread/WARN] [net.minecraft.server.network.ServerGamePacketListenerImpl/]: LFCR moved too quickly! -9.502925515443167,-1.431523845270732,-3.251311542989697
[20Dec2024 00:03:43.510] [Server thread/WARN] [net.minecraft.server.level.ServerPlayerGameMode/]: Mismatch in destroy block pos: BlockPos{x=6951, y=-41, z=3586} BlockPos{x=6951, y=-42, z=3586}
[20Dec2024 00:05:07.542] [Server thread/INFO] [com.lgow.endofherobrine.entity.herobrine.AbstractHerobrine/]: LURKER spawned at BlockPos{x=6966, y=170, z=3586}
[20Dec2024 00:06:00.271] [Server thread/WARN] [net.minecraft.server.level.ServerPlayerGameMode/]: Mismatch in destroy block pos: BlockPos{x=6926, y=-14, z=3587} BlockPos{x=6926, y=-15, z=3589}
[20Dec2024 00:06:00.320] [Server thread/WARN] [net.minecraft.server.level.ServerPlayerGameMode/]: Mismatch in destroy block pos: BlockPos{x=6926, y=-14, z=3587} BlockPos{x=6926, y=-15, z=3589}
[20Dec2024 00:06:00.368] [Server thread/WARN] [net.minecraft.server.level.ServerPlayerGameMode/]: Mismatch in destroy block pos: BlockPos{x=6926, y=-14, z=3587} BlockPos{x=6926, y=-15, z=3589}
[20Dec2024 00:06:00.420] [Server thread/WARN] [net.minecraft.server.level.ServerPlayerGameMode/]: Mismatch in destroy block pos: BlockPos{x=6926, y=-14, z=3587} BlockPos{x=6926, y=-15, z=3589}
[20Dec2024 00:06:13.799] [Server thread/WARN] [net.minecraft.server.level.ServerPlayerGameMode/]: Mismatch in destroy block pos: BlockPos{x=6930, y=10, z=3565} BlockPos{x=6931, y=9, z=3565}
[20Dec2024 00:06:38.711] [Server thread/WARN] [net.minecraft.server.level.ServerPlayerGameMode/]: Mismatch in destroy block pos: BlockPos{x=6936, y=13, z=3575} BlockPos{x=6936, y=10, z=3573}
[20Dec2024 00:06:50.107] [Server thread/WARN] [net.minecraft.server.level.ServerPlayerGameMode/]: Mismatch in destroy block pos: BlockPos{x=6929, y=-42, z=3571} BlockPos{x=6929, y=-42, z=3570}
[20Dec2024 00:06:50.158] [Server thread/WARN] [net.minecraft.server.level.ServerPlayerGameMode/]: Mismatch in destroy block pos: BlockPos{x=6929, y=-42, z=3571} BlockPos{x=6929, y=-42, z=3570}
[20Dec2024 00:06:50.209] [Server thread/WARN] [net.minecraft.server.level.ServerPlayerGameMode/]: Mismatch in destroy block pos: BlockPos{x=6929, y=-42, z=3571} BlockPos{x=6929, y=-42, z=3570}
[20Dec2024 00:06:50.260] [Server thread/WARN] [net.minecraft.server.level.ServerPlayerGameMode/]: Mismatch in destroy block pos: BlockPos{x=6929, y=-42, z=3571} BlockPos{x=6929, y=-42, z=3570}
[20Dec2024 00:06:50.315] [Server thread/WARN] [net.minecraft.server.level.ServerPlayerGameMode/]: Mismatch in destroy block pos: BlockPos{x=6929, y=-42, z=3571} BlockPos{x=6929, y=-42, z=3570}
[20Dec2024 00:06:50.365] [Server thread/WARN] [net.minecraft.server.level.ServerPlayerGameMode/]: Mismatch in destroy block pos: BlockPos{x=6929, y=-42, z=3571} BlockPos{x=6929, y=-42, z=3570}
[20Dec2024 00:06:50.414] [Server thread/WARN] [net.minecraft.server.level.ServerPlayerGameMode/]: Mismatch in destroy block pos: BlockPos{x=6929, y=-42, z=3571} BlockPos{x=6929, y=-42, z=3570}
[20Dec2024 00:06:50.464] [Server thread/WARN] [net.minecraft.server.level.ServerPlayerGameMode/]: Mismatch in destroy block pos: BlockPos{x=6929, y=-42, z=3571} BlockPos{x=6929, y=-42, z=3570}
[20Dec2024 00:06:50.514] [Server thread/WARN] [net.minecraft.server.level.ServerPlayerGameMode/]: Mismatch in destroy block pos: BlockPos{x=6929, y=-42, z=3571} BlockPos{x=6929, y=-42, z=3570}
[20Dec2024 00:06:50.565] [Server thread/WARN] [net.minecraft.server.level.ServerPlayerGameMode/]: Mismatch in destroy block pos: BlockPos{x=6929, y=-42, z=3571} BlockPos{x=6929, y=-42, z=3570}
[20Dec2024 00:06:50.617] [Server thread/WARN] [net.minecraft.server.level.ServerPlayerGameMode/]: Mismatch in destroy block pos: BlockPos{x=6929, y=-42, z=3571} BlockPos{x=6929, y=-42, z=3570}
[20Dec2024 00:06:50.666] [Server thread/WARN] [net.minecraft.server.level.ServerPlayerGameMode/]: Mismatch in destroy block pos: BlockPos{x=6929, y=-42, z=3571} BlockPos{x=6929, y=-42, z=3570}
[20Dec2024 00:06:50.716] [Server thread/WARN] [net.minecraft.server.level.ServerPlayerGameMode/]: Mismatch in destroy block pos: BlockPos{x=6929, y=-42, z=3571} BlockPos{x=6929, y=-42, z=3570}
[20Dec2024 00:06:50.768] [Server thread/WARN] [net.minecraft.server.level.ServerPlayerGameMode/]: Mismatch in destroy block pos: BlockPos{x=6929, y=-42, z=3571} BlockPos{x=6929, y=-42, z=3570}
[20Dec2024 00:06:50.818] [Server thread/WARN] [net.minecraft.server.level.ServerPlayerGameMode/]: Mismatch in destroy block pos: BlockPos{x=6929, y=-42, z=3571} BlockPos{x=6929, y=-42, z=3570}
[20Dec2024 00:06:50.867] [Server thread/WARN] [net.minecraft.server.level.ServerPlayerGameMode/]: Mismatch in destroy block pos: BlockPos{x=6929, y=-42, z=3571} BlockPos{x=6929, y=-42, z=3570}
[20Dec2024 00:07:18.617] [Server thread/WARN] [net.minecraft.server.level.ServerPlayerGameMode/]: Mismatch in destroy block pos: BlockPos{x=6939, y=-38, z=3584} BlockPos{x=6939, y=-39, z=3584}
[20Dec2024 00:09:14.307] [Server thread/WARN] [net.minecraft.server.level.ServerPlayerGameMode/]: Mismatch in destroy block pos: BlockPos{x=6941, y=-31, z=3592} BlockPos{x=6941, y=-31, z=3591}
[20Dec2024 00:10:19.168] [Server thread/WARN] [net.minecraft.server.level.ServerPlayerGameMode/]: Mismatch in destroy block pos: BlockPos{x=6986, y=-22, z=3652} BlockPos{x=6987, y=-25, z=3652}
[20Dec2024 00:10:19.219] [Server thread/WARN] [net.minecraft.server.level.ServerPlayerGameMode/]: Mismatch in destroy block pos: BlockPos{x=6986, y=-22, z=3652} BlockPos{x=6987, y=-25, z=3652}
[20Dec2024 00:10:19.269] [Server thread/WARN] [net.minecraft.server.level.ServerPlayerGameMode/]: Mismatch in destroy block pos: BlockPos{x=6986, y=-22, z=3652} BlockPos{x=6987, y=-25, z=3652}
[20Dec2024 00:10:19.320] [Server thread/WARN] [net.minecraft.server.level.ServerPlayerGameMode/]: Mismatch in destroy block pos: BlockPos{x=6986, y=-22, z=3652} BlockPos{x=6987, y=-25, z=3652}
[20Dec2024 00:10:19.369] [Server thread/WARN] [net.minecraft.server.level.ServerPlayerGameMode/]: Mismatch in destroy block pos: BlockPos{x=6986, y=-22, z=3652} BlockPos{x=6987, y=-25, z=3652}
[20Dec2024 00:10:19.423] [Server thread/WARN] [net.minecraft.server.level.ServerPlayerGameMode/]: Mismatch in destroy block pos: BlockPos{x=6986, y=-22, z=3652} BlockPos{x=6987, y=-25, z=3652}
[20Dec2024 00:15:04.492] [Server thread/INFO] [com.lgow.endofherobrine.entity.herobrine.AbstractHerobrine/]: LURKER spawned at BlockPos{x=7140, y=231, z=3627}
[20Dec2024 00:15:36.770] [Server thread/INFO] [tombstone/]: The player ray1506 has successfully been saved
[20Dec2024 00:15:41.856] [Server thread/INFO] [tombstone/]: The player ray1506 has successfully been saved
[20Dec2024 00:15:49.741] [Server thread/INFO] [net.minecraft.server.MinecraftServer/]: [Not Secure] <ray1506> XD
[20Dec2024 00:15:54.334] [Server thread/INFO] [net.minecraft.server.MinecraftServer/]: [Not Secure] <ray1506> Gaste 2 totems
[20Dec2024 00:16:04.364] [Server thread/INFO] [net.minecraft.server.MinecraftServer/]: [Not Secure] <LFCR> -_-
[20Dec2024 00:18:45.876] [Server thread/INFO] [net.minecraft.server.players.PlayerList/]: kamushkarkir[/100.72.1.82:53830] logged in with entity id 31176 at (6858.583572855996, 169.5625, 3823.3979037788263)
[20Dec2024 00:18:45.915] [Server thread/INFO] [net.minecraft.server.MinecraftServer/]: kamushkarkir joined the game
[20Dec2024 00:18:55.828] [Server thread/INFO] [net.minecraft.server.MinecraftServer/]: [Not Secure] <ray1506> gaste 2 totems xd
[20Dec2024 00:18:59.987] [Server thread/INFO] [voicechat/]: [voicechat] Received secret request of kamushkarkir (18)
[20Dec2024 00:18:59.988] [Server thread/INFO] [voicechat/]: [voicechat] Sent secret to kamushkarkir
[20Dec2024 00:19:01.517] [Server thread/INFO] [net.minecraft.server.network.ServerGamePacketListenerImpl/]: LFCR lost connection: Disconnected
[20Dec2024 00:19:01.518] [Server thread/INFO] [net.minecraft.server.MinecraftServer/]: LFCR left the game
[20Dec2024 00:19:01.519] [Server thread/INFO] [voicechat/]: [voicechat] Disconnecting client LFCR
[20Dec2024 00:19:09.700] [Netty Epoll Server IO #1/INFO] [ShulkerBoxTooltip/]: [ShulkerBoxTooltip] kamushkarkir: protocol version: 2.0
[20Dec2024 00:20:16.103] [Server thread/INFO] [net.minecraft.server.network.ServerGamePacketListenerImpl/]: kamushkarkir lost connection: Timed out
[20Dec2024 00:20:16.104] [Server thread/INFO] [net.minecraft.server.MinecraftServer/]: kamushkarkir left the game
[20Dec2024 00:20:16.105] [Server thread/INFO] [voicechat/]: [voicechat] Disconnecting client kamushkarkir
[20Dec2024 00:20:16.155] [Server thread/WARN] [net.minecraft.network.Connection/]: handleDisconnection() called twice
[20Dec2024 00:22:25.326] [Server thread/WARN] [net.minecraft.server.MinecraftServer/]: Can't keep up! Is the server overloaded? Running 5736ms or 114 ticks behind
[20Dec2024 00:22:46.567] [Server thread/INFO] [net.minecraft.server.players.PlayerList/]: LFCR[/100.66.61.51:63172] logged in with entity id 32388 at (6629.810026004556, -51.0, 3579.138580289497)
[20Dec2024 00:22:46.590] [Server thread/INFO] [net.minecraft.server.MinecraftServer/]: LFCR joined the game
[20Dec2024 00:22:48.248] [Netty Epoll Server IO #3/INFO] [ShulkerBoxTooltip/]: [ShulkerBoxTooltip] LFCR: protocol version: 2.0
[20Dec2024 00:22:48.254] [Server thread/INFO] [voicechat/]: [voicechat] Received secret request of LFCR (18)
[20Dec2024 00:22:48.254] [Server thread/INFO] [voicechat/]: [voicechat] Sent secret to LFCR
[20Dec2024 00:22:51.274] [VoiceChatPacketProcessingThread/INFO] [voicechat/]: [voicechat] Successfully authenticated player 5c163b9e-26d1-3bd9-a134-a7a3db5f6f81
[20Dec2024 00:22:52.275] [VoiceChatPacketProcessingThread/INFO] [voicechat/]: [voicechat] Successfully validated connection of player 5c163b9e-26d1-3bd9-a134-a7a3db5f6f81
[20Dec2024 00:22:52.276] [VoiceChatPacketProcessingThread/INFO] [voicechat/]: [voicechat] Player LFCR (5c163b9e-26d1-3bd9-a134-a7a3db5f6f81) successfully connected to voice chat
[20Dec2024 00:23:11.372] [Server thread/WARN] [net.minecraft.server.network.ServerGamePacketListenerImpl/]: ray1506 moved too quickly! -1.06762510242811,-3.148427311364898,-9.64942967029532
[20Dec2024 00:23:57.201] [Server thread/INFO] [net.minecraft.server.MinecraftServer/]: ray1506 has completed the challenge [Find: Absi palace]
[20Dec2024 00:25:07.692] [Server thread/INFO] [net.minecraft.world.entity.LivingEntity/]: Named entity Vex['Restless Spirit'/32342, l='ServerLevel[world]', x=954.88, y=-20.00, z=582.79] died: Restless Spirit was killed
[20Dec2024 00:25:07.693] [Server thread/INFO] [net.minecraft.world.entity.LivingEntity/]: Named entity Vex['Restless Spirit'/32344, l='ServerLevel[world]', x=956.36, y=-20.00, z=581.81] died: Restless Spirit was killed
[20Dec2024 00:25:07.694] [Server thread/INFO] [net.minecraft.world.entity.LivingEntity/]: Named entity Vex['Restless Spirit'/32346, l='ServerLevel[world]', x=960.69, y=-20.00, z=579.68] died: Restless Spirit was killed
[20Dec2024 00:25:39.694] [Server thread/INFO] [net.minecraft.world.entity.LivingEntity/]: Named entity Vex['Restless Spirit'/32631, l='ServerLevel[world]', x=936.00, y=-20.00, z=552.29] died: Restless Spirit was killed
[20Dec2024 00:25:40.691] [Server thread/INFO] [net.minecraft.world.entity.LivingEntity/]: Named entity Vex['Restless Spirit'/32640, l='ServerLevel[world]', x=982.93, y=-20.00, z=512.11] died: Restless Spirit was killed
[20Dec2024 00:26:05.692] [Server thread/INFO] [net.minecraft.world.entity.LivingEntity/]: Named entity Vex['Restless Spirit'/34833, l='ServerLevel[world]', x=1149.40, y=-20.00, z=410.36] died: Restless Spirit was killed
[20Dec2024 00:26:24.692] [Server thread/INFO] [net.minecraft.world.entity.LivingEntity/]: Named entity Vex['Restless Spirit'/33043, l='ServerLevel[world]', x=997.84, y=-20.00, z=459.99] died: Restless Spirit was killed
[20Dec2024 00:26:35.691] [Server thread/INFO] [net.minecraft.world.entity.LivingEntity/]: Named entity Vex['Restless Spirit'/33348, l='ServerLevel[world]', x=1008.17, y=-20.00, z=422.94] died: Restless Spirit was killed
[20Dec2024 00:26:47.691] [Server thread/INFO] [net.minecraft.world.entity.LivingEntity/]: Named entity Vex['Restless Spirit'/33646, l='ServerLevel[world]', x=1040.80, y=-20.00, z=358.83] died: Restless Spirit was killed
[20Dec2024 00:27:07.692] [Server thread/INFO] [net.minecraft.world.entity.LivingEntity/]: Named entity Vex['Restless Spirit'/33919, l='ServerLevel[world]', x=993.02, y=-20.00, z=449.00] died: Restless Spirit was killed
[20Dec2024 00:27:10.191] [Server thread/INFO] [com.lgow.endofherobrine.entity.herobrine.AbstractHerobrine/]: LURKER spawned at BlockPos{x=6686, y=125, z=3573}
[20Dec2024 00:27:28.692] [Server thread/INFO] [net.minecraft.world.entity.LivingEntity/]: Named entity Vex['Restless Spirit'/34068, l='ServerLevel[world]', x=1029.36, y=-20.00, z=331.83] died: Restless Spirit was killed
[20Dec2024 00:27:34.691] [Server thread/INFO] [net.minecraft.world.entity.LivingEntity/]: Named entity Vex['Restless Spirit'/34166, l='ServerLevel[world]', x=968.78, y=-20.00, z=444.11] died: Restless Spirit was killed
[20Dec2024 00:27:37.692] [Server thread/INFO] [net.minecraft.world.entity.LivingEntity/]: Named entity Vex['Restless Spirit'/34195, l='ServerLevel[world]', x=1025.26, y=-20.00, z=424.27] died: Restless Spirit was killed
[20Dec2024 00:27:38.821] [Server thread/INFO] [net.minecraft.server.MinecraftServer/]: ray1506 has reached the goal [Pocket Edition Alpha]
[20Dec2024 00:27:39.693] [Server thread/INFO] [net.minecraft.world.entity.LivingEntity/]: Named entity Vex['Restless Spirit'/34207, l='ServerLevel[world]', x=941.87, y=-20.00, z=440.06] died: Restless Spirit was killed
[20Dec2024 00:27:39.693] [Server thread/INFO] [net.minecraft.world.entity.LivingEntity/]: Named entity Vex['Restless Spirit'/34209, l='ServerLevel[world]', x=953.35, y=-20.00, z=433.85] died: Restless Spirit was killed
[20Dec2024 00:27:52.693] [Server thread/INFO] [net.minecraft.world.entity.LivingEntity/]: Named entity Vex['Restless Spirit'/34330, l='ServerLevel[world]', x=987.66, y=-20.00, z=418.11] died: Restless Spirit was killed
[20Dec2024 00:27:52.693] [Server thread/INFO] [net.minecraft.world.entity.LivingEntity/]: Named entity Vex['Restless Spirit'/34332, l='ServerLevel[world]', x=976.37, y=-20.00, z=439.69] died: Restless Spirit was killed
[20Dec2024 00:27:53.691] [Server thread/INFO] [net.minecraft.world.entity.LivingEntity/]: Named entity Vex['Restless Spirit'/34363, l='ServerLevel[world]', x=1041.14, y=-20.00, z=388.37] died: Restless Spirit was killed
[20Dec2024 00:27:55.693] [Server thread/INFO] [net.minecraft.world.entity.LivingEntity/]: Named entity Vex['Restless Spirit'/34440, l='ServerLevel[world]', x=1049.47, y=-20.00, z=352.02] died: Restless Spirit was killed
[20Dec2024 00:27:57.693] [Server thread/INFO] [net.minecraft.world.entity.LivingEntity/]: Named entity Vex['Restless Spirit'/34498, l='ServerLevel[world]', x=975.80, y=-20.00, z=398.01] died: Restless Spirit was killed
[20Dec2024 00:28:13.549] [Server thread/INFO] [net.minecraft.world.entity.LivingEntity/]: Named entity Ghast['Ghast Sentry'/34995, l='ServerLevel[world]', x=970.59, y=46.03, z=108.00] died: Ghast Sentry was shot by ray1506
[20Dec2024 00:28:14.692] [Server thread/INFO] [net.minecraft.world.entity.LivingEntity/]: Named entity Vex['Restless Spirit'/34928, l='ServerLevel[world]', x=1029.61, y=-20.00, z=325.77] died: Restless Spirit was killed
[20Dec2024 00:29:03.803] [Server thread/WARN] [net.minecraft.server.level.ServerPlayerGameMode/]: Mismatch in destroy block pos: BlockPos{x=961, y=37, z=140} BlockPos{x=961, y=35, z=141}
[20Dec2024 00:30:23.842] [VoiceChatPacketProcessingThread/INFO] [voicechat/]: [voicechat] Player 553079a9-4a1e-3309-b36c-4ada3a6e164b timed out
[20Dec2024 00:30:23.842] [VoiceChatPacketProcessingThread/INFO] [voicechat/]: [voicechat] Reconnecting player ray1506
[20Dec2024 00:30:23.843] [VoiceChatPacketProcessingThread/INFO] [voicechat/]: [voicechat] Sent secret to ray1506
[20Dec2024 00:30:30.656] [Server thread/INFO] [net.minecraft.server.network.ServerGamePacketListenerImpl/]: ray1506 lost connection: Timed out
[20Dec2024 00:30:30.656] [Server thread/INFO] [net.minecraft.server.MinecraftServer/]: ray1506 left the game
[20Dec2024 00:30:30.657] [Server thread/INFO] [voicechat/]: [voicechat] Disconnecting client ray1506
[20Dec2024 00:30:39.664] [Server thread/INFO] [net.minecraft.server.players.PlayerList/]: ray1506[/100.85.101.31:54157] logged in with entity id 37681 at (992.3462749139452, 37.671163911629066, 97.07028225587491)
[20Dec2024 00:30:39.675] [Server thread/INFO] [net.minecraft.server.MinecraftServer/]: ray1506 joined the game
[20Dec2024 00:30:39.923] [Server thread/INFO] [voicechat/]: [voicechat] Received secret request of ray1506 (18)
[20Dec2024 00:30:39.924] [Server thread/INFO] [voicechat/]: [voicechat] Sent secret to ray1506
[20Dec2024 00:30:40.025] [Netty Epoll Server IO #5/INFO] [ShulkerBoxTooltip/]: [ShulkerBoxTooltip] ray1506: protocol version: 2.0
[20Dec2024 00:30:42.887] [VoiceChatPacketProcessingThread/INFO] [voicechat/]: [voicechat] Successfully authenticated player 553079a9-4a1e-3309-b36c-4ada3a6e164b
[20Dec2024 00:30:43.859] [VoiceChatPacketProcessingThread/INFO] [voicechat/]: [voicechat] Successfully validated connection of player 553079a9-4a1e-3309-b36c-4ada3a6e164b
[20Dec2024 00:30:43.860] [VoiceChatPacketProcessingThread/INFO] [voicechat/]: [voicechat] Player ray1506 (553079a9-4a1e-3309-b36c-4ada3a6e164b) successfully connected to voice chat
[20Dec2024 00:32:56.805] [Server thread/INFO] [net.minecraft.server.players.PlayerList/]: kamushkarkir[/100.72.1.82:49839] logged in with entity id 39137 at (6858.583572855996, 169.5625, 3823.3979037788263)
[20Dec2024 00:32:56.830] [Server thread/INFO] [net.minecraft.server.MinecraftServer/]: kamushkarkir joined the game
[20Dec2024 00:33:03.259] [Server thread/INFO] [voicechat/]: [voicechat] Received secret request of kamushkarkir (18)
[20Dec2024 00:33:03.260] [Server thread/INFO] [voicechat/]: [voicechat] Sent secret to kamushkarkir
[20Dec2024 00:33:03.505] [Netty Epoll Server IO #7/INFO] [ShulkerBoxTooltip/]: [ShulkerBoxTooltip] kamushkarkir: protocol version: 2.0
[20Dec2024 00:33:16.648] [VoiceChatPacketProcessingThread/INFO] [voicechat/]: [voicechat] Successfully authenticated player 4061c684-bf7c-3757-9a94-fd50d1219759
[20Dec2024 00:33:17.652] [VoiceChatPacketProcessingThread/INFO] [voicechat/]: [voicechat] Successfully validated connection of player 4061c684-bf7c-3757-9a94-fd50d1219759
[20Dec2024 00:33:17.652] [VoiceChatPacketProcessingThread/INFO] [voicechat/]: [voicechat] Player kamushkarkir (4061c684-bf7c-3757-9a94-fd50d1219759) successfully connected to voice chat
[20Dec2024 00:35:41.059] [Server thread/WARN] [net.minecraft.server.level.ServerPlayerGameMode/]: Mismatch in destroy block pos: BlockPos{x=863, y=48, z=-34} BlockPos{x=863, y=47, z=-34}
[20Dec2024 00:37:48.282] [Server thread/WARN] [net.minecraft.server.network.ServerGamePacketListenerImpl/]: LFCR moved too quickly! -7.220391203763938,-1.209979233290042,7.021569156629084
[20Dec2024 00:38:24.376] [Server thread/WARN] [net.minecraft.server.network.ServerGamePacketListenerImpl/]: LFCR moved too quickly! -10.374634749568031,0.6200000047683716,0.9387662135090977
[20Dec2024 00:39:44.185] [Server thread/INFO] [net.minecraft.world.entity.LivingEntity/]: Named entity WitherSkeleton['Radiation Director'/43230, l='ServerLevel[world]', x=998.08, y=32.00, z=69.64] died: Radiation Director was slain by ray1506
[20Dec2024 00:39:45.528] [Server thread/WARN] [net.minecraft.server.network.ServerGamePacketListenerImpl/]: LFCR moved too quickly! -2.051236624737612,-10.540699194315323,0.022426213277867646
[20Dec2024 00:39:51.038] [VoiceChatPacketProcessingThread/INFO] [voicechat/]: [voicechat] Player 4061c684-bf7c-3757-9a94-fd50d1219759 timed out
[20Dec2024 00:39:51.038] [VoiceChatPacketProcessingThread/INFO] [voicechat/]: [voicechat] Reconnecting player kamushkarkir
[20Dec2024 00:39:51.039] [VoiceChatPacketProcessingThread/INFO] [voicechat/]: [voicechat] Sent secret to kamushkarkir
[20Dec2024 00:39:52.291] [VoiceChatPacketProcessingThread/INFO] [voicechat/]: [voicechat] Successfully authenticated player 4061c684-bf7c-3757-9a94-fd50d1219759
[20Dec2024 00:39:53.293] [VoiceChatPacketProcessingThread/INFO] [voicechat/]: [voicechat] Successfully validated connection of player 4061c684-bf7c-3757-9a94-fd50d1219759
[20Dec2024 00:39:53.294] [VoiceChatPacketProcessingThread/INFO] [voicechat/]: [voicechat] Player kamushkarkir (4061c684-bf7c-3757-9a94-fd50d1219759) successfully connected to voice chat
[20Dec2024 00:39:58.614] [Server thread/WARN] [net.minecraft.server.network.ServerGamePacketListenerImpl/]: LFCR moved too quickly! -7.001216114713316,11.30963086076872,-0.4444803957417207
[20Dec2024 00:40:00.017] [Server thread/ERROR] [net.minecraft.Util/]: POI data mismatch: already registered at BlockPos{x=5708, y=24, z=3696}
[20Dec2024 00:40:30.995] [Server thread/WARN] [net.minecraft.world.level.entity.PersistentEntitySectionManager/]: UUID of added entity already exists: FallingBlockEntity['Falling Hanging Coconut'/47599, l='ServerLevel[world]', x=5746.50, y=72.00, z=3798.50]
[20Dec2024 00:40:35.108] [Server thread/INFO] [net.minecraft.world.entity.npc.Villager/]: Villager Villager['Fisherman'/47080, l='ServerLevel[world]', x=5680.47, y=66.00, z=3865.56] died, message: 'Fisherman was impaled by Sargent the Soaked'
[20Dec2024 00:40:36.254] [VoiceChatPacketProcessingThread/INFO] [voicechat/]: [voicechat] Player 4061c684-bf7c-3757-9a94-fd50d1219759 timed out
[20Dec2024 00:40:36.254] [VoiceChatPacketProcessingThread/INFO] [voicechat/]: [voicechat] Reconnecting player kamushkarkir
[20Dec2024 00:40:36.255] [VoiceChatPacketProcessingThread/INFO] [voicechat/]: [voicechat] Sent secret to kamushkarkir
[20Dec2024 00:40:42.863] [Server thread/INFO] [net.minecraft.server.network.ServerGamePacketListenerImpl/]: kamushkarkir lost connection: Timed out
[20Dec2024 00:40:42.863] [Server thread/INFO] [net.minecraft.server.MinecraftServer/]: kamushkarkir left the game
[20Dec2024 00:40:42.864] [Server thread/INFO] [voicechat/]: [voicechat] Disconnecting client kamushkarkir
[20Dec2024 00:40:50.599] [Server thread/INFO] [net.minecraft.world.entity.npc.Villager/]: Villager Villager['Leatherworker'/47082, l='ServerLevel[world]', x=5703.69, y=65.00, z=3850.10] died, message: 'Leatherworker was impaled by Sargent the Soaked'
[20Dec2024 00:41:06.599] [Server thread/INFO] [net.minecraft.world.entity.npc.Villager/]: Villager Villager['Nitwit'/47154, l='ServerLevel[world]', x=5712.96, y=64.00, z=3826.61] died, message: 'Nitwit was impaled by Sargent the Soaked'
[20Dec2024 00:41:20.443] [Server thread/WARN] [net.minecraft.world.level.entity.PersistentEntitySectionManager/]: UUID of added entity already exists: FallingBlockEntity['Falling Hanging Coconut'/48010, l='ServerLevel[world]', x=5701.50, y=73.00, z=3838.50]
[20Dec2024 00:41:50.291] [Server thread/WARN] [net.minecraft.world.level.entity.PersistentEntitySectionManager/]: UUID of added entity already exists: FallingBlockEntity['Falling Hanging Coconut'/48557, l='ServerLevel[world]', x=5683.50, y=73.00, z=3814.50]
[20Dec2024 00:42:03.648] [Server thread/INFO] [net.minecraft.world.entity.npc.Villager/]: Villager Villager['Villager'/47081, l='ServerLevel[world]', x=5682.47, y=66.00, z=3863.41] died, message: 'Villager was impaled by Sargent the Soaked'
[20Dec2024 00:42:04.853] [Server thread/WARN] [net.minecraft.server.network.ServerGamePacketListenerImpl/]: LFCR moved too quickly! -8.797390205147167,2.4592582530816713,4.19934685325461
[20Dec2024 00:42:11.195] [Server thread/WARN] [net.minecraft.world.level.entity.PersistentEntitySectionManager/]: UUID of added entity already exists: FallingBlockEntity['Falling Hanging Coconut'/49199, l='ServerLevel[world]', x=5734.50, y=72.00, z=3792.50]
[20Dec2024 00:42:22.593] [Server thread/WARN] [net.minecraft.world.level.entity.PersistentEntitySectionManager/]: UUID of added entity already exists: FallingBlockEntity['Falling Hanging Coconut'/49572, l='ServerLevel[world]', x=5746.50, y=73.00, z=3819.50]
[20Dec2024 00:42:46.591] [Server thread/INFO] [com.lgow.endofherobrine.entity.herobrine.AbstractHerobrine/]: BUILDER spawned at BlockPos{x=5642, y=70, z=3885}
[20Dec2024 00:42:50.642] [Server thread/WARN] [net.minecraft.world.level.entity.PersistentEntitySectionManager/]: UUID of added entity already exists: FallingBlockEntity['Falling Hanging Coconut'/50375, l='ServerLevel[world]', x=5681.50, y=76.00, z=3897.50]
[20Dec2024 00:42:52.993] [Server thread/WARN] [net.minecraft.world.level.entity.PersistentEntitySectionManager/]: UUID of added entity already exists: FallingBlockEntity['Falling Hanging Coconut'/50378, l='ServerLevel[world]', x=5684.50, y=74.00, z=3890.50]
[20Dec2024 00:42:57.753] [Server thread/INFO] [net.minecraft.world.entity.LivingEntity/]: Named entity Drowned['Sargent the Soaked'/47079, l='ServerLevel[world]', x=5683.50, y=66.00, z=3857.09] died: Sargent the Soaked was shot by LFCR using [Hawkeye]
[20Dec2024 00:43:00.044] [Server thread/WARN] [net.minecraft.world.level.entity.PersistentEntitySectionManager/]: UUID of added entity already exists: FallingBlockEntity['Falling Hanging Coconut'/50489, l='ServerLevel[world]', x=5658.50, y=76.00, z=3824.50]
[20Dec2024 00:43:00.644] [Server thread/WARN] [net.minecraft.world.level.entity.PersistentEntitySectionManager/]: UUID of added entity already exists: FallingBlockEntity['Falling Hanging Coconut'/50508, l='ServerLevel[world]', x=5697.50, y=74.00, z=3821.50]
[20Dec2024 00:43:12.743] [Server thread/WARN] [net.minecraft.world.level.entity.PersistentEntitySectionManager/]: UUID of added entity already exists: FallingBlockEntity['Falling Hanging Coconut'/50637, l='ServerLevel[world]', x=5748.50, y=73.00, z=3821.50]
[20Dec2024 00:43:13.642] [Server thread/WARN] [net.minecraft.world.level.entity.PersistentEntitySectionManager/]: UUID of added entity already exists: FallingBlockEntity['Falling Hanging Coconut'/50669, l='ServerLevel[world]', x=5719.50, y=73.00, z=3853.50]
[20Dec2024 00:43:16.442] [Server thread/WARN] [net.minecraft.world.level.entity.PersistentEntitySectionManager/]: UUID of added entity already exists: FallingBlockEntity['Falling Hanging Coconut'/50737, l='ServerLevel[world]', x=5684.50, y=74.00, z=3891.50]
[20Dec2024 00:43:32.593] [Server thread/WARN] [net.minecraft.world.level.entity.PersistentEntitySectionManager/]: UUID of added entity already exists: FallingBlockEntity['Falling Hanging Coconut'/50970, l='ServerLevel[world]', x=5695.50, y=74.00, z=3822.50]
[20Dec2024 00:43:33.043] [Server thread/WARN] [net.minecraft.world.level.entity.PersistentEntitySectionManager/]: UUID of added entity already exists: FallingBlockEntity['Falling Hanging Coconut'/50971, l='ServerLevel[world]', x=5701.50, y=73.00, z=3839.50]
[20Dec2024 00:43:52.043] [Server thread/WARN] [net.minecraft.world.level.entity.PersistentEntitySectionManager/]: UUID of added entity already exists: FallingBlockEntity['Falling Hanging Coconut'/51073, l='ServerLevel[world]', x=5671.50, y=76.00, z=3821.50]
[20Dec2024 00:43:52.542] [Server thread/WARN] [net.minecraft.world.level.entity.PersistentEntitySectionManager/]: UUID of added entity already exists: FallingBlockEntity['Falling Hanging Coconut'/51075, l='ServerLevel[world]', x=5729.50, y=72.00, z=3875.50]
[20Dec2024 00:44:09.241] [Server thread/WARN] [net.minecraft.world.level.entity.PersistentEntitySectionManager/]: UUID of added entity already exists: FallingBlockEntity['Falling Hanging Coconut'/51414, l='ServerLevel[world]', x=5759.50, y=74.00, z=3800.50]
[20Dec2024 00:44:09.742] [Server thread/WARN] [net.minecraft.world.level.entity.PersistentEntitySectionManager/]: UUID of added entity already exists: FallingBlockEntity['Falling Hanging Coconut'/51430, l='ServerLevel[world]', x=5699.50, y=73.00, z=3839.50]
[20Dec2024 00:44:22.395] [Server thread/WARN] [net.minecraft.world.level.entity.PersistentEntitySectionManager/]: UUID of added entity already exists: FallingBlockEntity['Falling Hanging Coconut'/51834, l='ServerLevel[world]', x=5717.50, y=73.00, z=3853.50]
[20Dec2024 00:44:33.894] [Server thread/WARN] [net.minecraft.world.level.entity.PersistentEntitySectionManager/]: UUID of added entity already exists: FallingBlockEntity['Falling Hanging Coconut'/52181, l='ServerLevel[world]', x=5660.50, y=74.00, z=3840.50]
[20Dec2024 00:44:35.393] [Server thread/WARN] [net.minecraft.world.level.entity.PersistentEntitySectionManager/]: UUID of added entity already exists: FallingBlockEntity['Falling Hanging Coconut'/52232, l='ServerLevel[world]', x=5682.50, y=76.00, z=3898.50]
[20Dec2024 00:44:35.894] [Server thread/WARN] [net.minecraft.world.level.entity.PersistentEntitySectionManager/]: UUID of added entity already exists: FallingBlockEntity['Falling Hanging Coconut'/52261, l='ServerLevel[world]', x=5664.50, y=75.00, z=3889.50]
[20Dec2024 00:44:40.744] [Server thread/WARN] [net.minecraft.world.level.entity.PersistentEntitySectionManager/]: UUID of added entity already exists: FallingBlockEntity['Falling Hanging Coconut'/52470, l='ServerLevel[world]', x=5631.50, y=76.00, z=3876.50]
[20Dec2024 00:44:42.695] [Server thread/WARN] [net.minecraft.world.level.entity.PersistentEntitySectionManager/]: UUID of added entity already exists: FallingBlockEntity['Falling Hanging Coconut'/52523, l='ServerLevel[world]', x=5660.50, y=74.00, z=3842.50]
[20Dec2024 00:44:46.394] [Server thread/WARN] [net.minecraft.world.level.entity.PersistentEntitySectionManager/]: UUID of added entity already exists: FallingBlockEntity['Falling Hanging Coconut'/52656, l='ServerLevel[world]', x=5632.50, y=76.00, z=3878.50]
[20Dec2024 00:44:55.194] [Server thread/WARN] [net.minecraft.world.level.entity.PersistentEntitySectionManager/]: UUID of added entity already exists: FallingBlockEntity['Falling Hanging Coconut'/52922, l='ServerLevel[world]', x=5632.50, y=78.00, z=3918.50]
[20Dec2024 00:45:13.096] [Server thread/WARN] [net.minecraft.world.level.entity.PersistentEntitySectionManager/]: UUID of added entity already exists: FallingBlockEntity['Falling Hanging Coconut'/53333, l='ServerLevel[world]', x=5630.50, y=76.00, z=3878.50]
[20Dec2024 00:45:32.694] [Server thread/INFO] [net.minecraft.world.entity.LivingEntity/]: Named entity Vex['Restless Spirit'/53697, l='ServerLevel[world]', x=935.51, y=-20.00, z=580.50] died: Restless Spirit was killed
[20Dec2024 00:45:32.695] [Server thread/INFO] [net.minecraft.world.entity.LivingEntity/]: Named entity Vex['Restless Spirit'/53699, l='ServerLevel[world]', x=932.50, y=-20.00, z=580.49] died: Restless Spirit was killed
[20Dec2024 00:45:38.544] [Server thread/WARN] [net.minecraft.world.level.entity.PersistentEntitySectionManager/]: UUID of added entity already exists: FallingBlockEntity['Falling Hanging Coconut'/53923, l='ServerLevel[world]', x=5656.50, y=78.00, z=3946.50]
[20Dec2024 00:45:47.792] [Server thread/WARN] [net.minecraft.world.level.entity.PersistentEntitySectionManager/]: UUID of added entity already exists: FallingBlockEntity['Falling Hanging Coconut'/54116, l='ServerLevel[world]', x=5693.50, y=75.00, z=3888.50]
[20Dec2024 00:45:51.540] [Server thread/INFO] [com.lgow.endofherobrine.entity.herobrine.AbstractHerobrine/]: LURKER spawned at BlockPos{x=5668, y=65, z=3840}
[20Dec2024 00:46:00.643] [Server thread/WARN] [net.minecraft.world.level.entity.PersistentEntitySectionManager/]: UUID of added entity already exists: FallingBlockEntity['Falling Hanging Coconut'/54347, l='ServerLevel[world]', x=5661.50, y=74.00, z=3862.50]
[20Dec2024 00:46:07.793] [Server thread/WARN] [net.minecraft.world.level.entity.PersistentEntitySectionManager/]: UUID of added entity already exists: FallingBlockEntity['Falling Hanging Coconut'/54409, l='ServerLevel[world]', x=5657.50, y=76.00, z=3824.50]
[20Dec2024 00:46:10.093] [Server thread/WARN] [net.minecraft.world.level.entity.PersistentEntitySectionManager/]: UUID of added entity already exists: FallingBlockEntity['Falling Hanging Coconut'/54426, l='ServerLevel[world]', x=5681.50, y=73.00, z=3949.50]
[20Dec2024 00:46:12.195] [Server thread/WARN] [net.minecraft.world.level.entity.PersistentEntitySectionManager/]: UUID of added entity already exists: FallingBlockEntity['Falling Hanging Coconut'/54440, l='ServerLevel[world]', x=5664.50, y=75.00, z=3890.50]
[20Dec2024 00:46:13.845] [Server thread/WARN] [net.minecraft.world.level.entity.PersistentEntitySectionManager/]: UUID of added entity already exists: FallingBlockEntity['Falling Hanging Coconut'/54448, l='ServerLevel[world]', x=5695.50, y=74.00, z=3820.50]
[20Dec2024 00:46:30.342] [Server thread/WARN] [net.minecraft.world.level.entity.PersistentEntitySectionManager/]: UUID of added entity already exists: FallingBlockEntity['Falling Hanging Coconut'/54652, l='ServerLevel[world]', x=5725.50, y=69.00, z=3855.50]
[20Dec2024 00:46:33.795] [Server thread/WARN] [net.minecraft.world.level.entity.PersistentEntitySectionManager/]: UUID of added entity already exists: FallingBlockEntity['Falling Hanging Coconut'/54682, l='ServerLevel[world]', x=5658.50, y=76.00, z=3826.50]
[20Dec2024 00:46:53.193] [Server thread/WARN] [net.minecraft.world.level.entity.PersistentEntitySectionManager/]: UUID of added entity already exists: FallingBlockEntity['Falling Hanging Coconut'/54901, l='ServerLevel[world]', x=5698.50, y=74.00, z=3887.50]
[20Dec2024 00:46:53.345] [Server thread/WARN] [net.minecraft.world.level.entity.PersistentEntitySectionManager/]: UUID of added entity already exists: FallingBlockEntity['Falling Hanging Coconut'/54902, l='ServerLevel[world]', x=5669.50, y=76.00, z=3909.50]
[20Dec2024 00:47:01.692] [Server thread/INFO] [net.minecraft.world.entity.LivingEntity/]: Named entity Vex['Restless Spirit'/52111, l='ServerLevel[world]', x=1059.96, y=-20.00, z=365.97] died: Restless Spirit was killed
[20Dec2024 00:47:02.794] [Server thread/WARN] [net.minecraft.world.level.entity.PersistentEntitySectionManager/]: UUID of added entity already exists: FallingBlockEntity['Falling Hanging Coconut'/55070, l='ServerLevel[world]', x=5746.50, y=72.00, z=3832.50]
[20Dec2024 00:47:04.692] [Server thread/INFO] [net.minecraft.world.entity.LivingEntity/]: Named entity Vex['Restless Spirit'/52222, l='ServerLevel[world]', x=1087.92, y=-20.00, z=415.37] died: Restless Spirit was killed
[20Dec2024 00:47:05.691] [Server thread/INFO] [net.minecraft.world.entity.LivingEntity/]: Named entity Vex['Restless Spirit'/52277, l='ServerLevel[world]', x=1024.08, y=-20.00, z=411.64] died: Restless Spirit was killed
[20Dec2024 00:47:15.144] [Server thread/WARN] [net.minecraft.world.level.entity.PersistentEntitySectionManager/]: UUID of added entity already exists: FallingBlockEntity['Falling Hanging Coconut'/55350, l='ServerLevel[world]', x=5726.50, y=69.00, z=3854.50]
[20Dec2024 00:47:15.693] [Server thread/INFO] [net.minecraft.world.entity.LivingEntity/]: Named entity Vex['Restless Spirit'/52649, l='ServerLevel[world]', x=1057.06, y=-20.00, z=440.72] died: Restless Spirit was killed
[20Dec2024 00:47:15.795] [Server thread/WARN] [net.minecraft.world.level.entity.PersistentEntitySectionManager/]: UUID of added entity already exists: FallingBlockEntity['Falling Hanging Coconut'/55369, l='ServerLevel[world]', x=5668.50, y=80.00, z=3935.50]
[20Dec2024 00:47:20.996] [Server thread/WARN] [net.minecraft.world.level.entity.PersistentEntitySectionManager/]: UUID of added entity already exists: FallingBlockEntity['Falling Hanging Coconut'/55518, l='ServerLevel[world]', x=5731.50, y=72.00, z=3874.50]
[20Dec2024 00:47:23.495] [Server thread/WARN] [net.minecraft.world.level.entity.PersistentEntitySectionManager/]: UUID of added entity already exists: FallingBlockEntity['Falling Hanging Coconut'/55539, l='ServerLevel[world]', x=5685.50, y=73.00, z=3816.50]
[20Dec2024 00:47:25.597] [Server thread/WARN] [net.minecraft.world.level.entity.PersistentEntitySectionManager/]: UUID of added entity already exists: FallingBlockEntity['Falling Hanging Coconut'/55639, l='ServerLevel[world]', x=5702.50, y=73.00, z=3854.50]
[20Dec2024 00:47:35.244] [Server thread/WARN] [net.minecraft.world.level.entity.PersistentEntitySectionManager/]: UUID of added entity already exists: FallingBlockEntity['Falling Hanging Coconut'/55742, l='ServerLevel[world]', x=5694.50, y=75.00, z=3888.50]
[20Dec2024 00:47:36.045] [Server thread/WARN] [net.minecraft.world.level.entity.PersistentEntitySectionManager/]: UUID of added entity already exists: FallingBlockEntity['Falling Hanging Coconut'/55788, l='ServerLevel[world]', x=5735.50, y=72.00, z=3791.50]
[20Dec2024 00:47:39.692] [Server thread/INFO] [net.minecraft.world.entity.LivingEntity/]: Named entity Vex['Restless Spirit'/53227, l='ServerLevel[world]', x=1066.40, y=-20.00, z=354.20] died: Restless Spirit was killed
[20Dec2024 00:47:39.693] [Server thread/INFO] [net.minecraft.world.entity.LivingEntity/]: Named entity Vex['Restless Spirit'/53230, l='ServerLevel[world]', x=1065.04, y=-20.00, z=356.56] died: Restless Spirit was killed
[20Dec2024 00:47:39.693] [Server thread/INFO] [net.minecraft.world.entity.LivingEntity/]: Named entity Vex['Restless Spirit'/53232, l='ServerLevel[world]', x=1072.05, y=-20.00, z=357.06] died: Restless Spirit was killed
[20Dec2024 00:47:41.595] [Server thread/WARN] [net.minecraft.world.level.entity.PersistentEntitySectionManager/]: UUID of added entity already exists: FallingBlockEntity['Falling Hanging Coconut'/55916, l='ServerLevel[world]', x=5737.50, y=71.00, z=3827.50]
[20Dec2024 00:47:45.290] [Server thread/WARN] [net.minecraft.server.MinecraftServer/]: Can't keep up! Is the server overloaded? Running 3000ms or 60 ticks behind
[20Dec2024 00:47:45.518] [Server thread/WARN] [net.minecraft.world.level.entity.PersistentEntitySectionManager/]: UUID of added entity already exists: FallingBlockEntity['Falling Hanging Coconut'/56136, l='ServerLevel[world]', x=5743.50, y=73.00, z=3770.50]
[20Dec2024 00:47:49.544] [Server thread/WARN] [net.minecraft.world.level.entity.PersistentEntitySectionManager/]: UUID of added entity already exists: FallingBlockEntity['Falling Hanging Coconut'/56287, l='ServerLevel[world]', x=5682.50, y=76.00, z=3899.50]
[20Dec2024 00:47:51.693] [Server thread/INFO] [net.minecraft.world.entity.LivingEntity/]: Named entity Vex['Restless Spirit'/53428, l='ServerLevel[world]', x=1024.06, y=-20.00, z=466.97] died: Restless Spirit was killed
[20Dec2024 00:47:53.323] [Server thread/WARN] [net.minecraft.server.network.ServerGamePacketListenerImpl/]: LFCR moved too quickly! -9.13849429113634,-3.733632006042484,2.569078310407349
[20Dec2024 00:47:54.345] [Server thread/WARN] [net.minecraft.world.level.entity.PersistentEntitySectionManager/]: UUID of added entity already exists: FallingBlockEntity['Falling Hanging Coconut'/56394, l='ServerLevel[world]', x=5651.50, y=82.00, z=3921.50]
[20Dec2024 00:48:07.693] [Server thread/INFO] [net.minecraft.world.entity.LivingEntity/]: Named entity Vex['Restless Spirit'/53826, l='ServerLevel[world]', x=1024.02, y=-20.00, z=411.14] died: Restless Spirit was killed
[20Dec2024 00:48:15.247] [Server thread/WARN] [net.minecraft.world.level.entity.PersistentEntitySectionManager/]: UUID of added entity already exists: FallingBlockEntity['Falling Hanging Coconut'/56936, l='ServerLevel[world]', x=5642.50, y=80.00, z=3890.50]
[20Dec2024 00:48:43.522] [Server thread/WARN] [net.minecraft.server.network.ServerGamePacketListenerImpl/]: LFCR moved too quickly! -11.719104045182576,-0.18889376711705097,-0.5785077914247267
[20Dec2024 00:49:07.765] [Server thread/WARN] [net.minecraft.server.network.ServerGamePacketListenerImpl/]: LFCR moved too quickly! -9.867299746644676,-1.7499999999999005,-0.9069320037133366
[20Dec2024 00:49:43.397] [Server thread/WARN] [net.minecraft.world.level.entity.PersistentEntitySectionManager/]: UUID of added entity already exists: FallingBlockEntity['Falling Hanging Coconut'/59322, l='ServerLevel[world]', x=5618.50, y=77.00, z=3895.50]
[20Dec2024 00:49:43.693] [Server thread/INFO] [net.minecraft.world.entity.LivingEntity/]: Named entity Vex['Restless Spirit'/55232, l='ServerLevel[world]', x=981.45, y=-20.00, z=540.75] died: Restless Spirit was killed
[20Dec2024 00:49:44.446] [Server thread/WARN] [net.minecraft.world.level.entity.PersistentEntitySectionManager/]: UUID of added entity already exists: FallingBlockEntity['Falling Hanging Coconut'/59357, l='ServerLevel[world]', x=5643.50, y=80.00, z=3891.50]
[20Dec2024 00:49:49.345] [Server thread/WARN] [net.minecraft.world.level.entity.PersistentEntitySectionManager/]: UUID of added entity already exists: FallingBlockEntity['Falling Hanging Coconut'/59433, l='ServerLevel[world]', x=5680.50, y=73.00, z=3950.50]
[20Dec2024 00:49:51.796] [Server thread/WARN] [net.minecraft.world.level.entity.PersistentEntitySectionManager/]: UUID of added entity already exists: FallingBlockEntity['Falling Hanging Coconut'/59445, l='ServerLevel[world]', x=5692.50, y=75.00, z=3888.50]
[20Dec2024 00:49:53.693] [Server thread/INFO] [net.minecraft.world.entity.LivingEntity/]: Named entity Vex['Restless Spirit'/55510, l='ServerLevel[world]', x=929.48, y=-20.00, z=522.91] died: Restless Spirit was killed
[20Dec2024 00:49:53.693] [Server thread/INFO] [net.minecraft.world.entity.LivingEntity/]: Named entity Vex['Restless Spirit'/55512, l='ServerLevel[world]', x=934.53, y=-20.00, z=527.21] died: Restless Spirit was killed
[20Dec2024 00:49:55.683] [Server thread/WARN] [net.minecraft.server.network.ServerGamePacketListenerImpl/]: LFCR moved too quickly! 9.37757447160493,-1.7499999999999005,3.207430491260311
[20Dec2024 00:50:02.165] [Server thread/WARN] [net.minecraft.world.level.entity.PersistentEntitySectionManager/]: UUID of added entity already exists: FallingBlockEntity['Falling Hanging Coconut'/59624, l='ServerLevel[world]', x=5631.50, y=78.00, z=3918.50]
[20Dec2024 00:50:11.543] [Server thread/WARN] [net.minecraft.world.level.entity.PersistentEntitySectionManager/]: UUID of added entity already exists: FallingBlockEntity['Falling Hanging Coconut'/59872, l='ServerLevel[world]', x=5699.50, y=73.00, z=3838.50]
[20Dec2024 00:50:19.394] [Server thread/WARN] [net.minecraft.world.level.entity.PersistentEntitySectionManager/]: UUID of added entity already exists: FallingBlockEntity['Falling Hanging Coconut'/60071, l='ServerLevel[world]', x=5670.50, y=80.00, z=3934.50]
[20Dec2024 00:50:19.645] [Server thread/WARN] [net.minecraft.world.level.entity.PersistentEntitySectionManager/]: UUID of added entity already exists: FallingBlockEntity['Falling Hanging Coconut'/60072, l='ServerLevel[world]', x=5697.50, y=74.00, z=3887.50]
[20Dec2024 00:50:20.443] [Server thread/WARN] [net.minecraft.world.level.entity.PersistentEntitySectionManager/]: UUID of added entity already exists: FallingBlockEntity['Falling Hanging Coconut'/60078, l='ServerLevel[world]', x=5642.50, y=78.00, z=3925.50]
[20Dec2024 00:50:26.697] [Server thread/INFO] [net.minecraft.world.entity.LivingEntity/]: Named entity VeinGoblinTrader['pochoclo'/60047, l='ServerLevel[world]', x=6858.46, y=70.50, z=3795.55] died: pochoclo suffocated in a wall
[20Dec2024 00:50:34.696] [Server thread/WARN] [net.minecraft.world.level.entity.PersistentEntitySectionManager/]: UUID of added entity already exists: FallingBlockEntity['Falling Hanging Coconut'/60157, l='ServerLevel[world]', x=5703.50, y=73.00, z=3856.50]
[20Dec2024 00:50:35.093] [Server thread/WARN] [net.minecraft.world.level.entity.PersistentEntitySectionManager/]: UUID of added entity already exists: FallingBlockEntity['Falling Hanging Coconut'/60158, l='ServerLevel[world]', x=5719.50, y=73.00, z=3852.50]
[20Dec2024 00:50:44.194] [Server thread/WARN] [net.minecraft.world.level.entity.PersistentEntitySectionManager/]: UUID of added entity already exists: FallingBlockEntity['Falling Hanging Coconut'/60317, l='ServerLevel[world]', x=5724.50, y=69.00, z=3854.50]
[20Dec2024 00:50:49.843] [Server thread/WARN] [net.minecraft.world.level.entity.PersistentEntitySectionManager/]: UUID of added entity already exists: FallingBlockEntity['Falling Hanging Coconut'/60430, l='ServerLevel[world]', x=5675.50, y=74.00, z=3859.50]
[20Dec2024 00:50:53.146] [Server thread/WARN] [net.minecraft.world.level.entity.PersistentEntitySectionManager/]: UUID of added entity already exists: FallingBlockEntity['Falling Hanging Coconut'/60464, l='ServerLevel[world]', x=5719.50, y=73.00, z=3854.50]
[20Dec2024 00:51:00.595] [Server thread/WARN] [net.minecraft.world.level.entity.PersistentEntitySectionManager/]: UUID of added entity already exists: FallingBlockEntity['Falling Hanging Coconut'/60485, l='ServerLevel[world]', x=5662.50, y=75.00, z=3889.50]
[20Dec2024 00:51:01.795] [Server thread/WARN] [net.minecraft.world.level.entity.PersistentEntitySectionManager/]: UUID of added entity already exists: FallingBlockEntity['Falling Hanging Coconut'/60494, l='ServerLevel[world]', x=5696.50, y=74.00, z=3822.50]
[20Dec2024 00:51:08.595] [Server thread/WARN] [net.minecraft.world.level.entity.PersistentEntitySectionManager/]: UUID of added entity already exists: FallingBlockEntity['Falling Hanging Coconut'/60530, l='ServerLevel[world]', x=5630.50, y=76.00, z=3877.50]
[20Dec2024 00:51:08.944] [Server thread/WARN] [net.minecraft.world.level.entity.PersistentEntitySectionManager/]: UUID of added entity already exists: FallingBlockEntity['Falling Hanging Coconut'/60531, l='ServerLevel[world]', x=5669.50, y=76.00, z=3911.50]
[20Dec2024 00:51:10.794] [Server thread/WARN] [net.minecraft.world.level.entity.PersistentEntitySectionManager/]: UUID of added entity already exists: FallingBlockEntity['Falling Hanging Coconut'/60551, l='ServerLevel[world]', x=5670.50, y=76.00, z=3911.50]
[20Dec2024 00:51:18.946] [Server thread/WARN] [net.minecraft.world.level.entity.PersistentEntitySectionManager/]: UUID of added entity already exists: FallingBlockEntity['Falling Hanging Coconut'/60709, l='ServerLevel[world]', x=5632.50, y=78.00, z=3920.50]
[20Dec2024 00:51:25.596] [Server thread/WARN] [net.minecraft.world.level.entity.PersistentEntitySectionManager/]: UUID of added entity already exists: FallingBlockEntity['Falling Hanging Coconut'/60746, l='ServerLevel[world]', x=5676.50, y=74.00, z=3859.50]
[20Dec2024 00:51:30.345] [Server thread/WARN] [net.minecraft.world.level.entity.PersistentEntitySectionManager/]: UUID of added entity already exists: FallingBlockEntity['Falling Hanging Coconut'/60766, l='ServerLevel[world]', x=5682.50, y=73.00, z=3949.50]
[20Dec2024 00:51:44.745] [Server thread/WARN] [net.minecraft.world.level.entity.PersistentEntitySectionManager/]: UUID of added entity already exists: FallingBlockEntity['Falling Hanging Coconut'/60809, l='ServerLevel[world]', x=5685.50, y=73.00, z=3815.50]
[20Dec2024 00:51:48.095] [Server thread/WARN] [net.minecraft.world.level.entity.PersistentEntitySectionManager/]: UUID of added entity already exists: FallingBlockEntity['Falling Hanging Coconut'/60818, l='ServerLevel[world]', x=5631.50, y=76.00, z=3878.50]
[20Dec2024 00:51:48.545] [Server thread/WARN] [net.minecraft.world.level.entity.PersistentEntitySectionManager/]: UUID of added entity already exists: FallingBlockEntity['Falling Hanging Coconut'/60820, l='ServerLevel[world]', x=5685.50, y=74.00, z=3962.50]
[20Dec2024 00:52:13.414] [Server thread/WARN] [net.minecraft.server.network.ServerGamePacketListenerImpl/]: LFCR moved too quickly! 9.833946614427987,3.149200019741059,0.4221204085883983
[20Dec2024 00:52:32.946] [Server thread/WARN] [net.minecraft.world.level.entity.PersistentEntitySectionManager/]: UUID of added entity already exists: FallingBlockEntity['Falling Hanging Coconut'/61249, l='ServerLevel[world]', x=5663.50, y=74.00, z=3862.50]
[20Dec2024 00:52:34.695] [Server thread/WARN] [net.minecraft.world.level.entity.PersistentEntitySectionManager/]: UUID of added entity already exists: FallingBlockEntity['Falling Hanging Coconut'/61255, l='ServerLevel[world]', x=5683.50, y=74.00, z=3890.50]
[20Dec2024 00:52:35.296] [Server thread/WARN] [net.minecraft.world.level.entity.PersistentEntitySectionManager/]: UUID of added entity already exists: FallingBlockEntity['Falling Hanging Coconut'/61258, l='ServerLevel[world]', x=5651.50, y=77.00, z=3954.50]
[20Dec2024 00:52:54.897] [Server thread/WARN] [net.minecraft.world.level.entity.PersistentEntitySectionManager/]: UUID of added entity already exists: FallingBlockEntity['Falling Hanging Coconut'/61460, l='ServerLevel[world]', x=5674.50, y=74.00, z=3860.50]
[20Dec2024 00:53:11.595] [Server thread/WARN] [net.minecraft.world.level.entity.PersistentEntitySectionManager/]: UUID of added entity already exists: FallingBlockEntity['Falling Hanging Coconut'/61833, l='ServerLevel[world]', x=5738.50, y=71.00, z=3828.50]
[20Dec2024 00:53:13.899] [Server thread/WARN] [net.minecraft.world.level.entity.PersistentEntitySectionManager/]: UUID of added entity already exists: FallingBlockEntity['Falling Hanging Coconut'/61841, l='ServerLevel[world]', x=5683.50, y=74.00, z=3892.50]
[20Dec2024 00:53:14.647] [Server thread/WARN] [net.minecraft.world.level.entity.PersistentEntitySectionManager/]: UUID of added entity already exists: FallingBlockEntity['Falling Hanging Coconut'/61844, l='ServerLevel[world]', x=5630.50, y=78.00, z=3918.50]
[20Dec2024 00:53:16.145] [Server thread/WARN] [net.minecraft.world.level.entity.PersistentEntitySectionManager/]: UUID of added entity already exists: FallingBlockEntity['Falling Hanging Coconut'/61852, l='ServerLevel[world]', x=5701.50, y=73.00, z=3854.50]
[20Dec2024 00:53:23.545] [Server thread/WARN] [net.minecraft.world.level.entity.PersistentEntitySectionManager/]: UUID of added entity already exists: FallingBlockEntity['Falling Hanging Coconut'/61933, l='ServerLevel[world]', x=5618.50, y=77.00, z=3893.50]
[20Dec2024 00:53:26.595] [Server thread/WARN] [net.minecraft.world.level.entity.PersistentEntitySectionManager/]: UUID of added entity already exists: FallingBlockEntity['Falling Hanging Coconut'/61947, l='ServerLevel[world]', x=5748.50, y=72.00, z=3832.50]
[20Dec2024 00:53:44.044] [Server thread/WARN] [net.minecraft.world.level.entity.PersistentEntitySectionManager/]: UUID of added entity already exists: FallingBlockEntity['Falling Hanging Coconut'/62242, l='ServerLevel[world]', x=5660.50, y=74.00, z=3841.50]
[20Dec2024 00:53:50.344] [Server thread/WARN] [net.minecraft.world.level.entity.PersistentEntitySectionManager/]: UUID of added entity already exists: FallingBlockEntity['Falling Hanging Coconut'/62295, l='ServerLevel[world]', x=5690.50, y=75.00, z=3916.50]
[20Dec2024 00:53:56.443] [Server thread/WARN] [net.minecraft.world.level.entity.PersistentEntitySectionManager/]: UUID of added entity already exists: FallingBlockEntity['Falling Hanging Coconut'/62347, l='ServerLevel[world]', x=5668.50, y=80.00, z=3933.50]
[20Dec2024 00:53:58.996] [Server thread/WARN] [net.minecraft.world.level.entity.PersistentEntitySectionManager/]: UUID of added entity already exists: FallingBlockEntity['Falling Hanging Coconut'/62372, l='ServerLevel[world]', x=5701.50, y=73.00, z=3856.50]
[20Dec2024 00:54:01.047] [Server thread/WARN] [net.minecraft.world.level.entity.PersistentEntitySectionManager/]: UUID of added entity already exists: FallingBlockEntity['Falling Hanging Coconut'/62384, l='ServerLevel[world]', x=5680.50, y=73.00, z=3951.50]
[20Dec2024 00:54:03.944] [Server thread/WARN] [net.minecraft.world.level.entity.PersistentEntitySectionManager/]: UUID of added entity already exists: FallingBlockEntity['Falling Hanging Coconut'/62476, l='ServerLevel[world]', x=5657.50, y=78.00, z=3946.50]
[20Dec2024 00:54:04.343] [Server thread/WARN] [net.minecraft.world.level.entity.PersistentEntitySectionManager/]: UUID of added entity already exists: FallingBlockEntity['Falling Hanging Coconut'/62477, l='ServerLevel[world]', x=5744.50, y=72.00, z=3799.50]
[20Dec2024 00:54:04.844] [Server thread/WARN] [net.minecraft.world.level.entity.PersistentEntitySectionManager/]: UUID of added entity already exists: FallingBlockEntity['Falling Hanging Coconut'/62483, l='ServerLevel[world]', x=5632.50, y=78.00, z=3919.50]
[20Dec2024 00:54:08.347] [Server thread/WARN] [net.minecraft.world.level.entity.PersistentEntitySectionManager/]: UUID of added entity already exists: FallingBlockEntity['Falling Hanging Coconut'/62579, l='ServerLevel[world]', x=5651.50, y=82.00, z=3922.50]
[20Dec2024 00:54:14.445] [Server thread/WARN] [net.minecraft.world.level.entity.PersistentEntitySectionManager/]: UUID of added entity already exists: FallingBlockEntity['Falling Hanging Coconut'/62723, l='ServerLevel[world]', x=5767.50, y=72.00, z=3818.50]
[20Dec2024 00:54:24.143] [Server thread/WARN] [net.minecraft.world.level.entity.PersistentEntitySectionManager/]: UUID of added entity already exists: FallingBlockEntity['Falling Hanging Coconut'/62824, l='ServerLevel[world]', x=5724.50, y=69.00, z=3855.50]
[20Dec2024 00:54:25.845] [Server thread/WARN] [net.minecraft.world.level.entity.PersistentEntitySectionManager/]: UUID of added entity already exists: FallingBlockEntity['Falling Hanging Coconut'/62845, l='ServerLevel[world]', x=5725.50, y=73.00, z=3787.50]
[20Dec2024 00:54:37.095] [Server thread/WARN] [net.minecraft.world.level.entity.PersistentEntitySectionManager/]: UUID of added entity already exists: FallingBlockEntity['Falling Hanging Coconut'/62903, l='ServerLevel[world]', x=5670.50, y=80.00, z=3935.50]
[20Dec2024 00:54:45.896] [Server thread/WARN] [net.minecraft.world.level.entity.PersistentEntitySectionManager/]: UUID of added entity already exists: FallingBlockEntity['Falling Hanging Coconut'/62936, l='ServerLevel[world]', x=5707.50, y=73.00, z=3793.50]
[20Dec2024 00:54:47.694] [Server thread/WARN] [net.minecraft.world.level.entity.PersistentEntitySectionManager/]: UUID of added entity already exists: FallingBlockEntity['Falling Hanging Coconut'/62963, l='ServerLevel[world]', x=5619.50, y=77.00, z=3893.50]
[20Dec2024 00:54:58.094] [Server thread/WARN] [net.minecraft.world.level.entity.PersistentEntitySectionManager/]: UUID of added entity already exists: FallingBlockEntity['Falling Hanging Coconut'/63023, l='ServerLevel[world]', x=5699.50, y=73.00, z=3840.50]
[20Dec2024 00:55:15.744] [Server thread/WARN] [net.minecraft.world.level.entity.PersistentEntitySectionManager/]: UUID of added entity already exists: FallingBlockEntity['Falling Hanging Coconut'/63161, l='ServerLevel[world]', x=5708.50, y=73.00, z=3791.50]
[20Dec2024 00:55:45.544] [Server thread/WARN] [net.minecraft.world.level.entity.PersistentEntitySectionManager/]: UUID of added entity already exists: FallingBlockEntity['Falling Hanging Coconut'/63315, l='ServerLevel[world]', x=5701.50, y=73.00, z=3855.50]
[20Dec2024 00:55:50.095] [Server thread/WARN] [net.minecraft.world.level.entity.PersistentEntitySectionManager/]: UUID of added entity already exists: FallingBlockEntity['Falling Hanging Coconut'/63399, l='ServerLevel[world]', x=5743.50, y=73.00, z=3768.50]
[20Dec2024 00:56:00.944] [Server thread/WARN] [net.minecraft.world.level.entity.PersistentEntitySectionManager/]: UUID of added entity already exists: FallingBlockEntity['Falling Hanging Coconut'/63634, l='ServerLevel[world]', x=5729.50, y=70.00, z=3898.50]
[20Dec2024 00:56:14.370] [Server thread/WARN] [net.minecraft.server.network.ServerGamePacketListenerImpl/]: LFCR moved too quickly! 4.067391264832622,-3.209979233290042,9.245285801297541
[20Dec2024 00:56:24.148] [Server thread/WARN] [net.minecraft.world.level.entity.PersistentEntitySectionManager/]: UUID of added entity already exists: FallingBlockEntity['Falling Hanging Coconut'/63887, l='ServerLevel[world]', x=5655.50, y=78.00, z=3947.50]
[20Dec2024 00:56:30.443] [Server thread/WARN] [net.minecraft.world.level.entity.PersistentEntitySectionManager/]: UUID of added entity already exists: FallingBlockEntity['Falling Hanging Coconut'/63919, l='ServerLevel[world]', x=5681.50, y=74.00, z=3976.50]
[20Dec2024 00:57:07.995] [Server thread/WARN] [net.minecraft.world.level.entity.PersistentEntitySectionManager/]: UUID of added entity already exists: FallingBlockEntity['Falling Hanging Coconut'/64315, l='ServerLevel[world]', x=5688.50, y=75.00, z=3916.50]
[20Dec2024 00:57:18.146] [Server thread/WARN] [net.minecraft.world.level.entity.PersistentEntitySectionManager/]: UUID of added entity already exists: FallingBlockEntity['Falling Hanging Coconut'/64425, l='ServerLevel[world]', x=5682.50, y=74.00, z=3891.50]
[20Dec2024 00:57:38.897] [Server thread/WARN] [net.minecraft.world.level.entity.PersistentEntitySectionManager/]: UUID of added entity already exists: FallingBlockEntity['Falling Hanging Coconut'/64735, l='ServerLevel[world]', x=5668.50, y=76.00, z=3909.50]
[20Dec2024 00:57:58.795] [Server thread/WARN] [net.minecraft.world.level.entity.PersistentEntitySectionManager/]: UUID of added entity already exists: FallingBlockEntity['Falling Hanging Coconut'/64959, l='ServerLevel[world]', x=5671.50, y=72.00, z=3970.50]
[20Dec2024 00:58:10.770] [Server thread/INFO] [net.minecraft.server.MinecraftServer/]: LFCR has made the advancement [People Are Strange]
[20Dec2024 00:58:27.753] [Server thread/INFO] [net.minecraft.world.entity.npc.Villager/]: Villager Villager['Fisherman'/64846, l='ServerLevel[world]', x=5884.30, y=119.00, z=4014.49] died, message: 'Fisherman was shot by Pillager'
[20Dec2024 00:58:31.741] [Server thread/INFO] [com.lgow.endofherobrine.entity.herobrine.AbstractHerobrine/]: LURKER spawned at BlockPos{x=6902, y=149, z=3693}
[20Dec2024 00:59:11.513] [Server thread/INFO] [net.minecraft.world.entity.npc.Villager/]: Villager Villager['Armorer'/64847, l='ServerLevel[world]', x=5890.50, y=123.02, z=4058.83] died, message: 'Armorer was shot by Pillager'
[20Dec2024 00:59:47.356] [Server thread/INFO] [net.minecraft.world.entity.npc.Villager/]: Villager Villager['Weaponsmith'/64849, l='ServerLevel[world]', x=5876.12, y=127.00, z=4032.55] died, message: 'Weaponsmith was shot by Pillager'
[20Dec2024 01:01:34.809] [Server thread/INFO] [net.minecraft.world.entity.npc.Villager/]: Villager Villager['Villager'/64377, l='ServerLevel[world]', x=5825.68, y=83.54, z=4038.49] died, message: 'Villager was slain by Zombie'
[20Dec2024 01:02:28.500] [Server thread/INFO] [net.minecraft.world.entity.npc.Villager/]: Villager Villager['Villager'/64548, l='ServerLevel[world]', x=5815.15, y=83.00, z=4035.05] died, message: 'Villager was slain by Zombie'
[20Dec2024 01:05:01.791] [Server thread/INFO] [com.lgow.endofherobrine.entity.herobrine.AbstractHerobrine/]: LURKER spawned at BlockPos{x=6907, y=147, z=3684}
[20Dec2024 01:09:29.751] [Server thread/WARN] [net.minecraft.server.network.ServerGamePacketListenerImpl/]: ray1506 moved too quickly! -1.0937260605742267,0.0,9.969368848674094
[20Dec2024 01:10:43.812] [Server thread/INFO] [net.minecraft.server.network.ServerGamePacketListenerImpl/]: ray1506 lost connection: Timed out
[20Dec2024 01:10:43.813] [Server thread/INFO] [net.minecraft.server.MinecraftServer/]: ray1506 left the game
[20Dec2024 01:10:43.814] [Server thread/INFO] [voicechat/]: [voicechat] Disconnecting client ray1506
[20Dec2024 01:10:49.226] [Server thread/INFO] [net.minecraft.server.players.PlayerList/]: ray1506[/100.85.101.31:54603] logged in with entity id 70524 at (6892.876726426885, 145.875, 3695.8541877933535)
[20Dec2024 01:10:49.245] [Server thread/INFO] [net.minecraft.server.MinecraftServer/]: ray1506 joined the game
[20Dec2024 01:10:49.441] [Server thread/INFO] [voicechat/]: [voicechat] Received secret request of ray1506 (18)
[20Dec2024 01:10:49.442] [Server thread/INFO] [voicechat/]: [voicechat] Sent secret to ray1506
[20Dec2024 01:10:49.529] [Netty Epoll Server IO #1/INFO] [ShulkerBoxTooltip/]: [ShulkerBoxTooltip] ray1506: protocol version: 2.0
[20Dec2024 01:10:51.994] [VoiceChatPacketProcessingThread/INFO] [voicechat/]: [voicechat] Successfully authenticated player 553079a9-4a1e-3309-b36c-4ada3a6e164b
[20Dec2024 01:10:52.977] [VoiceChatPacketProcessingThread/INFO] [voicechat/]: [voicechat] Successfully validated connection of player 553079a9-4a1e-3309-b36c-4ada3a6e164b
[20Dec2024 01:10:52.977] [VoiceChatPacketProcessingThread/INFO] [voicechat/]: [voicechat] Player ray1506 (553079a9-4a1e-3309-b36c-4ada3a6e164b) successfully connected to voice chat
[20Dec2024 01:11:47.804] [pool-8-thread-1/INFO] [Supplementaries/]: Searching for closest structure among [ResourceKey[minecraft:worldgen/structure / towns_and_towers:village_old_growth_taiga], ResourceKey[minecraft:worldgen/structure / minecraft:village_plains], ResourceKey[minecraft:worldgen/structure / repurposed_structures:village_oak], ResourceKey[minecraft:worldgen/structure / minecraft:village_taiga], ResourceKey[minecraft:worldgen/structure / towns_and_towers:exclusives/village_swedish], ResourceKey[minecraft:worldgen/structure / minecraft:village_desert], ResourceKey[minecraft:worldgen/structure / towns_and_towers:village_beach], ResourceKey[minecraft:worldgen/structure / repurposed_structures:village_bamboo]] from pos BlockPos{x=6155, y=75, z=4299}
[20Dec2024 01:11:48.383] [Server thread/WARN] [net.minecraft.world.level.chunk.LevelChunk/]: Tried to load a DUMMY block entity @ BlockPos{x=6155, y=75, z=4299} but found not block entity block Block{minecraft:spruce_trapdoor}[facing=north,half=bottom,open=false,powered=false,waterlogged=false] at location
[20Dec2024 01:11:48.383] [Server thread/WARN] [net.minecraft.world.level.chunk.LevelChunk/]: Tried to load a block entity for block Block{minecraft:spruce_trapdoor}[facing=north,half=bottom,open=false,powered=false,waterlogged=false] but failed at location BlockPos{x=6155, y=75, z=4299}
[20Dec2024 01:11:53.864] [Server thread/WARN] [net.minecraft.server.network.ServerGamePacketListenerImpl/]: ray1506 moved too quickly! 0.7570554859757976,0.0,-10.262333751787537
[20Dec2024 01:13:23.793] [Server thread/WARN] [net.minecraft.server.network.ServerGamePacketListenerImpl/]: ray1506 moved too quickly! 4.904779049141325,1.1661092609382138,8.735591340263454
[20Dec2024 01:13:34.231] [Worker-Main-8/WARN] [net.minecraft.server.level.WorldGenRegion/]: Tried to access a block entity before it was created. MutableBlockPos{x=6182, y=-30, z=4589}
[20Dec2024 01:15:39.074] [Server thread/WARN] [net.minecraft.server.network.ServerGamePacketListenerImpl/]: ray1506 moved too quickly! 10.041277457822616,-1.0,0.0026072494711115723
[20Dec2024 01:26:24.156] [Server thread/WARN] [net.minecraft.server.network.ServerGamePacketListenerImpl/]: ray1506 moved too quickly! 8.643752264663817,2.752148900367473,-5.950460260046839
[20Dec2024 01:27:09.154] [Server thread/WARN] [net.minecraft.server.network.ServerGamePacketListenerImpl/]: ray1506 moved too quickly! -4.526988236359102,3.469259671994479,8.28700136700445
[20Dec2024 01:27:21.505] [Server thread/WARN] [net.minecraft.server.network.ServerGamePacketListenerImpl/]: ray1506 moved too quickly! -10.314494018937694,1.0,-1.3500091475648333
[20Dec2024 01:32:47.085] [Server thread/INFO] [net.minecraft.server.players.PlayerList/]: kamushkarkir[/100.72.1.82:49891] logged in with entity id 78517 at (6858.300000011921, 169.5625, 3824.1832309847878)
[20Dec2024 01:32:47.110] [Server thread/INFO] [net.minecraft.server.MinecraftServer/]: kamushkarkir joined the game
[20Dec2024 01:33:11.475] [Server thread/INFO] [voicechat/]: [voicechat] Received secret request of kamushkarkir (18)
[20Dec2024 01:33:11.476] [Server thread/INFO] [voicechat/]: [voicechat] Sent secret to kamushkarkir
[20Dec2024 01:33:11.823] [Netty Epoll Server IO #3/INFO] [ShulkerBoxTooltip/]: [ShulkerBoxTooltip] kamushkarkir: protocol version: 2.0
[20Dec2024 01:33:27.373] [VoiceChatPacketProcessingThread/INFO] [voicechat/]: [voicechat] Successfully authenticated player 4061c684-bf7c-3757-9a94-fd50d1219759
[20Dec2024 01:33:28.374] [VoiceChatPacketProcessingThread/INFO] [voicechat/]: [voicechat] Successfully validated connection of player 4061c684-bf7c-3757-9a94-fd50d1219759
[20Dec2024 01:33:28.374] [VoiceChatPacketProcessingThread/INFO] [voicechat/]: [voicechat] Player kamushkarkir (4061c684-bf7c-3757-9a94-fd50d1219759) successfully connected to voice chat
[20Dec2024 01:33:32.760] [Server thread/INFO] [net.minecraft.server.network.ServerGamePacketListenerImpl/]: LFCR lost connection: Disconnected
[20Dec2024 01:33:32.760] [Server thread/INFO] [net.minecraft.server.MinecraftServer/]: LFCR left the game
[20Dec2024 01:33:32.761] [Server thread/INFO] [voicechat/]: [voicechat] Disconnecting client LFCR
[20Dec2024 01:34:40.276] [Server thread/WARN] [net.minecraft.server.network.ServerGamePacketListenerImpl/]: ray1506 moved too quickly! -2.325419071896249,0.0,10.029106780721577
[20Dec2024 01:36:00.421] [Server thread/INFO] [net.minecraft.server.MinecraftServer/]: [Not Secure] <ray1506> recien voy a ordenar xd
[20Dec2024 01:36:42.539] [Server thread/WARN] [net.minecraft.server.network.ServerGamePacketListenerImpl/]: ray1506 moved too quickly! -9.795376832375041,-1.875,-2.301950440499695
[20Dec2024 01:37:48.326] [Server thread/WARN] [net.minecraft.server.network.ServerGamePacketListenerImpl/]: ray1506 moved too quickly! -10.08910027845468,0.0,-0.25157304024332916
[20Dec2024 01:38:15.588] [Server thread/WARN] [net.minecraft.server.network.ServerGamePacketListenerImpl/]: ray1506 moved too quickly! 6.906593011977748,0.0,7.336670247340862
[20Dec2024 01:39:24.309] [Server thread/WARN] [net.minecraft.server.network.ServerGamePacketListenerImpl/]: ray1506 moved too quickly! 3.630749691861638,0.0,9.454167180500463
[20Dec2024 01:39:25.841] [Server thread/INFO] [com.lgow.endofherobrine.entity.herobrine.AbstractHerobrine/]: LURKER spawned at BlockPos{x=6910, y=148, z=3692}
[20Dec2024 01:40:36.208] [Server thread/WARN] [net.minecraft.server.network.ServerGamePacketListenerImpl/]: ray1506 moved too quickly! -10.033969062307733,1.0,-0.7207165464956233
[20Dec2024 01:42:45.752] [Server thread/INFO] [net.minecraft.server.network.ServerGamePacketListenerImpl/]: ray1506 lost connection: Disconnected
[20Dec2024 01:42:45.752] [Server thread/INFO] [net.minecraft.server.MinecraftServer/]: ray1506 left the game
[20Dec2024 01:42:45.753] [Server thread/INFO] [voicechat/]: [voicechat] Disconnecting client ray1506
[20Dec2024 01:44:26.151] [Server thread/INFO] [net.minecraft.server.MinecraftServer/]: Stopping the server
[20Dec2024 01:44:26.193] [Config file watcher thread/INFO] [portb.configlib.ConfigLib/]: Watcher has shut down
[20Dec2024 01:44:26.207] [Server thread/INFO] [net.minecraft.server.MinecraftServer/]: Stopping server
[20Dec2024 01:44:26.208] [Server thread/INFO] [net.minecraft.server.MinecraftServer/]: Saving players
[20Dec2024 01:44:26.228] [Server thread/INFO] [net.minecraft.server.MinecraftServer/]: Saving worlds
[20Dec2024 01:44:26.370] [Server thread/INFO] [net.minecraft.server.MinecraftServer/]: Saving chunks for level 'ServerLevel[world]'/minecraft:overworld
[20Dec2024 01:44:26.494] [Server thread/INFO] [net.minecraft.server.MinecraftServer/]: Saving chunks for level 'ServerLevel[world]'/aether:the_aether
[20Dec2024 01:44:26.495] [Server thread/INFO] [net.minecraft.server.MinecraftServer/]: Saving chunks for level 'ServerLevel[world]'/deeperdarker:otherside
[20Dec2024 01:44:26.496] [Server thread/INFO] [net.minecraft.server.MinecraftServer/]: Saving chunks for level 'ServerLevel[world]'/minecraft:the_end
[20Dec2024 01:44:26.496] [Server thread/INFO] [net.minecraft.server.MinecraftServer/]: Saving chunks for level 'ServerLevel[world]'/minecraft:the_nether
[20Dec2024 01:44:26.662] [Server thread/INFO] [net.minecraft.server.MinecraftServer/]: ThreadedAnvilChunkStorage (world): All chunks are saved
[20Dec2024 01:44:26.662] [Server thread/INFO] [net.minecraft.server.MinecraftServer/]: ThreadedAnvilChunkStorage (the_aether): All chunks are saved
[20Dec2024 01:44:26.662] [Server thread/INFO] [net.minecraft.server.MinecraftServer/]: ThreadedAnvilChunkStorage (otherside): All chunks are saved
[20Dec2024 01:44:26.662] [Server thread/INFO] [net.minecraft.server.MinecraftServer/]: ThreadedAnvilChunkStorage (DIM1): All chunks are saved
[20Dec2024 01:44:26.662] [Server thread/INFO] [net.minecraft.server.MinecraftServer/]: ThreadedAnvilChunkStorage (DIM-1): All chunks are saved
[20Dec2024 01:44:26.663] [Server thread/INFO] [net.minecraft.server.MinecraftServer/]: ThreadedAnvilChunkStorage: All dimensions are saved
[20Dec2024 01:44:26.715] [Server thread/INFO] [Framework/]: Unloading server configs...
[20Dec2024 01:44:26.716] [Server thread/INFO] [Framework/]: Sending config unload event for backpacked.server.toml
[20Dec2024 01:44:26.716] [Server thread/INFO] [Framework/]: Sending config unload event for goblintraders-entities.toml
[20Dec2024 01:44:26.733] [Server thread/INFO] [journeymap/]: Loading JourneyMap Forge Configs
